0 verbose cli /usr/local/bin/node /usr/local/bin/npm
1 info using npm@11.6.2
2 info using node@v24.11.1
3 silly config load:file:/usr/local/lib/node_modules/npm/npmrc
4 silly config load:file:/Users/kingofhell/Library/Caches/typescript/5.9/.npmrc
5 silly config load:file:/Users/kingofhell/.npmrc
6 silly config load:file:/usr/local/etc/npmrc
7 verbose title npm install types-registry@latest
8 verbose argv "install" "--ignore-scripts" "types-registry@latest"
9 verbose logfile logs-max:10 dir:/Users/kingofhell/Projects/indi_cabs_admin/.npm-cache/_logs/2026-04-17T14_25_49_932Z-
10 verbose logfile /Users/kingofhell/Projects/indi_cabs_admin/.npm-cache/_logs/2026-04-17T14_25_49_932Z-debug-0.log
11 silly logfile start cleaning logs, removing 1 files
12 silly packumentCache heap:4496293888 maxSize:1124073472 maxEntrySize:562036736
13 silly logfile done cleaning log files
14 silly packumentCache corgi:https://registry.npmjs.org/types-registry cache-miss
15 http fetch GET 200 https://registry.npmjs.org/types-registry 210ms (cache miss)
16 silly packumentCache corgi:https://registry.npmjs.org/types-registry set size:undefined disposed:false
17 silly idealTree buildDeps
18 silly fetch manifest types-registry@0.1.765
19 silly packumentCache full:https://registry.npmjs.org/types-registry cache-miss
20 http fetch GET 200 https://registry.npmjs.org/types-registry 140ms (cache miss)
21 silly packumentCache full:https://registry.npmjs.org/types-registry set size:undefined disposed:false
22 silly placeDep ROOT types-registry@0.1.765 REPLACE for:  want: 0.1.765
23 silly reify moves {}
24 silly audit bulk request {
24 silly audit   '@types/body-parser': [ '1.19.6' ],
24 silly audit   '@types/connect': [ '3.4.38' ],
24 silly audit   '@types/cors': [ '2.8.19' ],
24 silly audit   '@types/debug': [ '4.1.13' ],
24 silly audit   '@types/express': [ '5.0.6' ],
24 silly audit   '@types/express-serve-static-core': [ '5.1.1' ],
24 silly audit   '@types/http-errors': [ '2.0.5' ],
24 silly audit   '@types/minimist': [ '1.2.5' ],
24 silly audit   '@types/morgan': [ '1.9.10' ],
24 silly audit   '@types/ms': [ '2.1.0' ],
24 silly audit   '@types/node': [ '25.2.2' ],
24 silly audit   '@types/nodemailer': [ '8.0.0' ],
24 silly audit   '@types/page': [ '1.11.9' ],
24 silly audit   '@types/qs': [ '6.15.0' ],
24 silly audit   '@types/range-parser': [ '1.2.7' ],
24 silly audit   '@types/react': [ '19.2.14' ],
24 silly audit   '@types/react-dom': [ '19.2.3' ],
24 silly audit   '@types/send': [ '1.2.1' ],
24 silly audit   '@types/serve-static': [ '2.2.0' ],
24 silly audit   csstype: [ '3.2.3' ],
24 silly audit   'undici-types': [ '7.16.0' ],
24 silly audit   'types-registry': [ '0.1.765' ]
24 silly audit }
25 http fetch POST 200 https://registry.npmjs.org/-/npm/v1/security/advisories/bulk 246ms
26 silly audit report {}
27 verbose cwd /Users/kingofhell/Library/Caches/typescript/5.9
28 verbose os Darwin 25.4.0
29 verbose node v24.11.1
30 verbose npm  v11.6.2
31 verbose exit 0
32 info ok
