0 verbose cli /usr/local/bin/node /usr/local/bin/npm
1 info using npm@11.6.2
2 info using node@v24.11.1
3 silly config load:file:/usr/local/lib/node_modules/npm/npmrc
4 silly config load:file:/Users/kingofhell/Projects/indi_cabs_admin/portfolio/.npmrc
5 silly config load:file:/Users/kingofhell/.npmrc
6 silly config load:file:/usr/local/etc/npmrc
7 verbose title npm config set cache /Users/kingofhell/Projects/indi_cabs_admin/.npm-cache
8 verbose argv "config" "set" "cache" "/Users/kingofhell/Projects/indi_cabs_admin/.npm-cache"
9 verbose logfile logs-max:10 dir:/Users/kingofhell/Projects/indi_cabs_admin/.npm-cache/_logs/2026-04-16T16_01_39_984Z-
10 verbose logfile /Users/kingofhell/Projects/indi_cabs_admin/.npm-cache/_logs/2026-04-16T16_01_39_984Z-debug-0.log
11 silly logfile start cleaning logs, removing 1 files
12 info config set "cache" "/Users/kingofhell/Projects/indi_cabs_admin/.npm-cache"
13 silly logfile done cleaning log files
14 verbose cwd /Users/kingofhell/Projects/indi_cabs_admin/portfolio
15 verbose os Darwin 25.4.0
16 verbose node v24.11.1
17 verbose npm  v11.6.2
18 verbose exit 0
19 info ok
